<?xml version="1.0" encoding="UTF-8"?>
<testsuite xmlns:xsi="http://www.w3.org/2001/XMLSchema-instance" xsi:noNamespaceSchemaLocation="https://maven.apache.org/surefire/maven-surefire-plugin/xsd/surefire-test-report-3.0.xsd" version="3.0" name="com.example.userscrud.UserscrudApplicationTests" time="6.632" tests="1" errors="0" skipped="0" failures="0">
  <properties>
    <property name="java.specification.version" value="17"/>
    <property name="sun.jnu.encoding" value="UTF-8"/>
    <property name="java.class.path" value="/Users/mayurikulkarni/synergisticit-code/DevOps-Started-6-August-2024/assessment-9-26-24/userscrud/target/test-classes:/Users/mayurikulkarni/synergisticit-code/DevOps-Started-6-August-2024/assessment-9-26-24/userscrud/target/classes:/Users/mayurikulkarni/.m2/repository/org/springframework/boot/spring-boot-starter-data-jpa/3.1.8/spring-boot-starter-data-jpa-3.1.8.jar:/Users/mayurikulkarni/.m2/repository/org/springframework/boot/spring-boot-starter-aop/3.1.8/spring-boot-starter-aop-3.1.8.jar:/Users/mayurikulkarni/.m2/repository/org/aspectj/aspectjweaver/1.9.21/aspectjweaver-1.9.21.jar:/Users/mayurikulkarni/.m2/repository/org/springframework/boot/spring-boot-starter-jdbc/3.1.8/spring-boot-starter-jdbc-3.1.8.jar:/Users/mayurikulkarni/.m2/repository/com/zaxxer/HikariCP/5.0.1/HikariCP-5.0.1.jar:/Users/mayurikulkarni/.m2/repository/org/springframework/spring-jdbc/6.0.16/spring-jdbc-6.0.16.jar:/Users/mayurikulkarni/.m2/repository/org/hibernate/orm/hibernate-core/6.2.20.Final/hibernate-core-6.2.20.Final.jar:/Users/mayurikulkarni/.m2/repository/jakarta/persistence/jakarta.persistence-api/3.1.0/jakarta.persistence-api-3.1.0.jar:/Users/mayurikulkarni/.m2/repository/jakarta/transaction/jakarta.transaction-api/2.0.1/jakarta.transaction-api-2.0.1.jar:/Users/mayurikulkarni/.m2/repository/org/jboss/logging/jboss-logging/3.5.3.Final/jboss-logging-3.5.3.Final.jar:/Users/mayurikulkarni/.m2/repository/org/hibernate/common/hibernate-commons-annotations/6.0.6.Final/hibernate-commons-annotations-6.0.6.Final.jar:/Users/mayurikulkarni/.m2/repository/io/smallrye/jandex/3.0.5/jandex-3.0.5.jar:/Users/mayurikulkarni/.m2/repository/com/fasterxml/classmate/1.5.1/classmate-1.5.1.jar:/Users/mayurikulkarni/.m2/repository/net/bytebuddy/byte-buddy/1.14.11/byte-buddy-1.14.11.jar:/Users/mayurikulkarni/.m2/repository/org/glassfish/jaxb/jaxb-runtime/4.0.4/jaxb-runtime-4.0.4.jar:/Users/mayurikulkarni/.m2/repository/org/glassfish/jaxb/jaxb-core/4.0.4/jaxb-core-4.0.4.jar:/Users/mayurikulkarni/.m2/repository/org/eclipse/angus/angus-activation/2.0.1/angus-activation-2.0.1.jar:/Users/mayurikulkarni/.m2/repository/org/glassfish/jaxb/txw2/4.0.4/txw2-4.0.4.jar:/Users/mayurikulkarni/.m2/repository/com/sun/istack/istack-commons-runtime/4.1.2/istack-commons-runtime-4.1.2.jar:/Users/mayurikulkarni/.m2/repository/jakarta/inject/jakarta.inject-api/2.0.1/jakarta.inject-api-2.0.1.jar:/Users/mayurikulkarni/.m2/repository/org/antlr/antlr4-runtime/4.10.1/antlr4-runtime-4.10.1.jar:/Users/mayurikulkarni/.m2/repository/org/springframework/data/spring-data-jpa/3.1.8/spring-data-jpa-3.1.8.jar:/Users/mayurikulkarni/.m2/repository/org/springframework/data/spring-data-commons/3.1.8/spring-data-commons-3.1.8.jar:/Users/mayurikulkarni/.m2/repository/org/springframework/spring-orm/6.0.16/spring-orm-6.0.16.jar:/Users/mayurikulkarni/.m2/repository/org/springframework/spring-context/6.0.16/spring-context-6.0.16.jar:/Users/mayurikulkarni/.m2/repository/org/springframework/spring-tx/6.0.16/spring-tx-6.0.16.jar:/Users/mayurikulkarni/.m2/repository/org/springframework/spring-beans/6.0.16/spring-beans-6.0.16.jar:/Users/mayurikulkarni/.m2/repository/jakarta/annotation/jakarta.annotation-api/2.1.1/jakarta.annotation-api-2.1.1.jar:/Users/mayurikulkarni/.m2/repository/org/slf4j/slf4j-api/2.0.11/slf4j-api-2.0.11.jar:/Users/mayurikulkarni/.m2/repository/org/springframework/spring-aspects/6.0.16/spring-aspects-6.0.16.jar:/Users/mayurikulkarni/.m2/repository/org/springframework/boot/spring-boot-starter-web/3.1.8/spring-boot-starter-web-3.1.8.jar:/Users/mayurikulkarni/.m2/repository/org/springframework/boot/spring-boot-starter/3.1.8/spring-boot-starter-3.1.8.jar:/Users/mayurikulkarni/.m2/repository/org/springframework/boot/spring-boot/3.1.8/spring-boot-3.1.8.jar:/Users/mayurikulkarni/.m2/repository/org/springframework/boot/spring-boot-autoconfigure/3.1.8/spring-boot-autoconfigure-3.1.8.jar:/Users/mayurikulkarni/.m2/repository/org/springframework/boot/spring-boot-starter-logging/3.1.8/spring-boot-starter-logging-3.1.8.jar:/Users/mayurikulkarni/.m2/repository/ch/qos/logback/logback-classic/1.4.14/logback-classic-1.4.14.jar:/Users/mayurikulkarni/.m2/repository/ch/qos/logback/logback-core/1.4.14/logback-core-1.4.14.jar:/Users/mayurikulkarni/.m2/repository/org/apache/logging/log4j/log4j-to-slf4j/2.20.0/log4j-to-slf4j-2.20.0.jar:/Users/mayurikulkarni/.m2/repository/org/apache/logging/log4j/log4j-api/2.20.0/log4j-api-2.20.0.jar:/Users/mayurikulkarni/.m2/repository/org/slf4j/jul-to-slf4j/2.0.11/jul-to-slf4j-2.0.11.jar:/Users/mayurikulkarni/.m2/repository/org/yaml/snakeyaml/1.33/snakeyaml-1.33.jar:/Users/mayurikulkarni/.m2/repository/org/springframework/boot/spring-boot-starter-json/3.1.8/spring-boot-starter-json-3.1.8.jar:/Users/mayurikulkarni/.m2/repository/com/fasterxml/jackson/datatype/jackson-datatype-jdk8/2.15.3/jackson-datatype-jdk8-2.15.3.jar:/Users/mayurikulkarni/.m2/repository/com/fasterxml/jackson/datatype/jackson-datatype-jsr310/2.15.3/jackson-datatype-jsr310-2.15.3.jar:/Users/mayurikulkarni/.m2/repository/com/fasterxml/jackson/module/jackson-module-parameter-names/2.15.3/jackson-module-parameter-names-2.15.3.jar:/Users/mayurikulkarni/.m2/repository/org/springframework/boot/spring-boot-starter-tomcat/3.1.8/spring-boot-starter-tomcat-3.1.8.jar:/Users/mayurikulkarni/.m2/repository/org/apache/tomcat/embed/tomcat-embed-core/10.1.18/tomcat-embed-core-10.1.18.jar:/Users/mayurikulkarni/.m2/repository/org/apache/tomcat/embed/tomcat-embed-websocket/10.1.18/tomcat-embed-websocket-10.1.18.jar:/Users/mayurikulkarni/.m2/repository/org/springframework/spring-web/6.0.16/spring-web-6.0.16.jar:/Users/mayurikulkarni/.m2/repository/org/springframework/spring-webmvc/6.0.16/spring-webmvc-6.0.16.jar:/Users/mayurikulkarni/.m2/repository/org/springframework/spring-expression/6.0.16/spring-expression-6.0.16.jar:/Users/mayurikulkarni/.m2/repository/org/springframework/boot/spring-boot-starter-validation/3.1.8/spring-boot-starter-validation-3.1.8.jar:/Users/mayurikulkarni/.m2/repository/org/apache/tomcat/embed/tomcat-embed-el/10.1.18/tomcat-embed-el-10.1.18.jar:/Users/mayurikulkarni/.m2/repository/org/hibernate/validator/hibernate-validator/8.0.1.Final/hibernate-validator-8.0.1.Final.jar:/Users/mayurikulkarni/.m2/repository/jakarta/validation/jakarta.validation-api/3.0.2/jakarta.validation-api-3.0.2.jar:/Users/mayurikulkarni/.m2/repository/org/springframework/boot/spring-boot-starter-security/3.1.8/spring-boot-starter-security-3.1.8.jar:/Users/mayurikulkarni/.m2/repository/org/springframework/spring-aop/6.0.16/spring-aop-6.0.16.jar:/Users/mayurikulkarni/.m2/repository/org/springframework/security/spring-security-config/6.1.6/spring-security-config-6.1.6.jar:/Users/mayurikulkarni/.m2/repository/org/springframework/security/spring-security-core/6.1.6/spring-security-core-6.1.6.jar:/Users/mayurikulkarni/.m2/repository/org/springframework/security/spring-security-crypto/6.1.6/spring-security-crypto-6.1.6.jar:/Users/mayurikulkarni/.m2/repository/org/springframework/security/spring-security-web/6.1.6/spring-security-web-6.1.6.jar:/Users/mayurikulkarni/.m2/repository/org/springframework/boot/spring-boot-starter-test/3.1.8/spring-boot-starter-test-3.1.8.jar:/Users/mayurikulkarni/.m2/repository/org/springframework/boot/spring-boot-test/3.1.8/spring-boot-test-3.1.8.jar:/Users/mayurikulkarni/.m2/repository/org/springframework/boot/spring-boot-test-autoconfigure/3.1.8/spring-boot-test-autoconfigure-3.1.8.jar:/Users/mayurikulkarni/.m2/repository/com/jayway/jsonpath/json-path/2.8.0/json-path-2.8.0.jar:/Users/mayurikulkarni/.m2/repository/jakarta/xml/bind/jakarta.xml.bind-api/4.0.1/jakarta.xml.bind-api-4.0.1.jar:/Users/mayurikulkarni/.m2/repository/jakarta/activation/jakarta.activation-api/2.1.2/jakarta.activation-api-2.1.2.jar:/Users/mayurikulkarni/.m2/repository/net/minidev/json-smart/2.4.11/json-smart-2.4.11.jar:/Users/mayurikulkarni/.m2/repository/net/minidev/accessors-smart/2.4.11/accessors-smart-2.4.11.jar:/Users/mayurikulkarni/.m2/repository/org/ow2/asm/asm/9.3/asm-9.3.jar:/Users/mayurikulkarni/.m2/repository/org/assertj/assertj-core/3.24.2/assertj-core-3.24.2.jar:/Users/mayurikulkarni/.m2/repository/org/hamcrest/hamcrest/2.2/hamcrest-2.2.jar:/Users/mayurikulkarni/.m2/repository/org/junit/jupiter/junit-jupiter/5.9.3/junit-jupiter-5.9.3.jar:/Users/mayurikulkarni/.m2/repository/org/junit/jupiter/junit-jupiter-api/5.9.3/junit-jupiter-api-5.9.3.jar:/Users/mayurikulkarni/.m2/repository/org/opentest4j/opentest4j/1.2.0/opentest4j-1.2.0.jar:/Users/mayurikulkarni/.m2/repository/org/junit/platform/junit-platform-commons/1.9.3/junit-platform-commons-1.9.3.jar:/Users/mayurikulkarni/.m2/repository/org/apiguardian/apiguardian-api/1.1.2/apiguardian-api-1.1.2.jar:/Users/mayurikulkarni/.m2/repository/org/junit/jupiter/junit-jupiter-params/5.9.3/junit-jupiter-params-5.9.3.jar:/Users/mayurikulkarni/.m2/repository/org/junit/jupiter/junit-jupiter-engine/5.9.3/junit-jupiter-engine-5.9.3.jar:/Users/mayurikulkarni/.m2/repository/org/junit/platform/junit-platform-engine/1.9.3/junit-platform-engine-1.9.3.jar:/Users/mayurikulkarni/.m2/repository/org/mockito/mockito-core/5.3.1/mockito-core-5.3.1.jar:/Users/mayurikulkarni/.m2/repository/net/bytebuddy/byte-buddy-agent/1.14.11/byte-buddy-agent-1.14.11.jar:/Users/mayurikulkarni/.m2/repository/org/objenesis/objenesis/3.3/objenesis-3.3.jar:/Users/mayurikulkarni/.m2/repository/org/mockito/mockito-junit-jupiter/5.3.1/mockito-junit-jupiter-5.3.1.jar:/Users/mayurikulkarni/.m2/repository/org/skyscreamer/jsonassert/1.5.1/jsonassert-1.5.1.jar:/Users/mayurikulkarni/.m2/repository/com/vaadin/external/google/android-json/0.0.20131108.vaadin1/android-json-0.0.20131108.vaadin1.jar:/Users/mayurikulkarni/.m2/repository/org/springframework/spring-core/6.0.16/spring-core-6.0.16.jar:/Users/mayurikulkarni/.m2/repository/org/springframework/spring-jcl/6.0.16/spring-jcl-6.0.16.jar:/Users/mayurikulkarni/.m2/repository/org/springframework/spring-test/6.0.16/spring-test-6.0.16.jar:/Users/mayurikulkarni/.m2/repository/org/xmlunit/xmlunit-core/2.9.1/xmlunit-core-2.9.1.jar:/Users/mayurikulkarni/.m2/repository/org/projectlombok/lombok/1.18.30/lombok-1.18.30.jar:/Users/mayurikulkarni/.m2/repository/com/mysql/mysql-connector-j/8.0.33/mysql-connector-j-8.0.33.jar:/Users/mayurikulkarni/.m2/repository/org/springdoc/springdoc-openapi-starter-webmvc-ui/2.3.0/springdoc-openapi-starter-webmvc-ui-2.3.0.jar:/Users/mayurikulkarni/.m2/repository/org/springdoc/springdoc-openapi-starter-webmvc-api/2.3.0/springdoc-openapi-starter-webmvc-api-2.3.0.jar:/Users/mayurikulkarni/.m2/repository/org/springdoc/springdoc-openapi-starter-common/2.3.0/springdoc-openapi-starter-common-2.3.0.jar:/Users/mayurikulkarni/.m2/repository/io/swagger/core/v3/swagger-core-jakarta/2.2.19/swagger-core-jakarta-2.2.19.jar:/Users/mayurikulkarni/.m2/repository/org/apache/commons/commons-lang3/3.12.0/commons-lang3-3.12.0.jar:/Users/mayurikulkarni/.m2/repository/io/swagger/core/v3/swagger-annotations-jakarta/2.2.19/swagger-annotations-jakarta-2.2.19.jar:/Users/mayurikulkarni/.m2/repository/io/swagger/core/v3/swagger-models-jakarta/2.2.19/swagger-models-jakarta-2.2.19.jar:/Users/mayurikulkarni/.m2/repository/com/fasterxml/jackson/dataformat/jackson-dataformat-yaml/2.15.3/jackson-dataformat-yaml-2.15.3.jar:/Users/mayurikulkarni/.m2/repository/org/webjars/swagger-ui/5.10.3/swagger-ui-5.10.3.jar:/Users/mayurikulkarni/.m2/repository/com/fasterxml/jackson/dataformat/jackson-dataformat-xml/2.15.0/jackson-dataformat-xml-2.15.0.jar:/Users/mayurikulkarni/.m2/repository/com/fasterxml/jackson/core/jackson-core/2.15.3/jackson-core-2.15.3.jar:/Users/mayurikulkarni/.m2/repository/com/fasterxml/jackson/core/jackson-annotations/2.15.3/jackson-annotations-2.15.3.jar:/Users/mayurikulkarni/.m2/repository/com/fasterxml/jackson/core/jackson-databind/2.15.3/jackson-databind-2.15.3.jar:/Users/mayurikulkarni/.m2/repository/org/codehaus/woodstox/stax2-api/4.2.1/stax2-api-4.2.1.jar:/Users/mayurikulkarni/.m2/repository/com/fasterxml/woodstox/woodstox-core/6.5.1/woodstox-core-6.5.1.jar:/Users/mayurikulkarni/.m2/repository/org/springframework/boot/spring-boot-starter-actuator/3.1.8/spring-boot-starter-actuator-3.1.8.jar:/Users/mayurikulkarni/.m2/repository/org/springframework/boot/spring-boot-actuator-autoconfigure/3.1.8/spring-boot-actuator-autoconfigure-3.1.8.jar:/Users/mayurikulkarni/.m2/repository/org/springframework/boot/spring-boot-actuator/3.1.8/spring-boot-actuator-3.1.8.jar:/Users/mayurikulkarni/.m2/repository/io/micrometer/micrometer-observation/1.11.8/micrometer-observation-1.11.8.jar:/Users/mayurikulkarni/.m2/repository/io/micrometer/micrometer-commons/1.11.8/micrometer-commons-1.11.8.jar:/Users/mayurikulkarni/.m2/repository/io/micrometer/micrometer-core/1.11.8/micrometer-core-1.11.8.jar:/Users/mayurikulkarni/.m2/repository/org/hdrhistogram/HdrHistogram/2.1.12/HdrHistogram-2.1.12.jar:/Users/mayurikulkarni/.m2/repository/org/latencyutils/LatencyUtils/2.0.3/LatencyUtils-2.0.3.jar:"/>
    <property name="java.vm.vendor" value="Oracle Corporation"/>
    <property name="sun.arch.data.model" value="64"/>
    <property name="java.vendor.url" value="https://java.oracle.com/"/>
    <property name="user.timezone" value="America/Los_Angeles"/>
    <property name="org.jboss.logging.provider" value="slf4j"/>
    <property name="os.name" value="Mac OS X"/>
    <property name="java.vm.specification.version" value="17"/>
    <property name="sun.java.launcher" value="SUN_STANDARD"/>
    <property name="user.country" value="US"/>
    <property name="sun.boot.library.path" value="/Library/Java/JavaVirtualMachines/jdk-17.jdk/Contents/Home/lib"/>
    <property name="sun.java.command" value="/Users/mayurikulkarni/synergisticit-code/DevOps-Started-6-August-2024/assessment-9-26-24/userscrud/target/surefire/surefirebooter-20240926131506698_3.jar /Users/mayurikulkarni/synergisticit-code/DevOps-Started-6-August-2024/assessment-9-26-24/userscrud/target/surefire 2024-09-26T13-15-06_610-jvmRun1 surefire-20240926131506698_1tmp surefire_0-20240926131506698_2tmp"/>
    <property name="http.nonProxyHosts" value="local|*.local|169.254/16|*.169.254/16"/>
    <property name="jdk.debug" value="release"/>
    <property name="surefire.test.class.path" value="/Users/mayurikulkarni/synergisticit-code/DevOps-Started-6-August-2024/assessment-9-26-24/userscrud/target/test-classes:/Users/mayurikulkarni/synergisticit-code/DevOps-Started-6-August-2024/assessment-9-26-24/userscrud/target/classes:/Users/mayurikulkarni/.m2/repository/org/springframework/boot/spring-boot-starter-data-jpa/3.1.8/spring-boot-starter-data-jpa-3.1.8.jar:/Users/mayurikulkarni/.m2/repository/org/springframework/boot/spring-boot-starter-aop/3.1.8/spring-boot-starter-aop-3.1.8.jar:/Users/mayurikulkarni/.m2/repository/org/aspectj/aspectjweaver/1.9.21/aspectjweaver-1.9.21.jar:/Users/mayurikulkarni/.m2/repository/org/springframework/boot/spring-boot-starter-jdbc/3.1.8/spring-boot-starter-jdbc-3.1.8.jar:/Users/mayurikulkarni/.m2/repository/com/zaxxer/HikariCP/5.0.1/HikariCP-5.0.1.jar:/Users/mayurikulkarni/.m2/repository/org/springframework/spring-jdbc/6.0.16/spring-jdbc-6.0.16.jar:/Users/mayurikulkarni/.m2/repository/org/hibernate/orm/hibernate-core/6.2.20.Final/hibernate-core-6.2.20.Final.jar:/Users/mayurikulkarni/.m2/repository/jakarta/persistence/jakarta.persistence-api/3.1.0/jakarta.persistence-api-3.1.0.jar:/Users/mayurikulkarni/.m2/repository/jakarta/transaction/jakarta.transaction-api/2.0.1/jakarta.transaction-api-2.0.1.jar:/Users/mayurikulkarni/.m2/repository/org/jboss/logging/jboss-logging/3.5.3.Final/jboss-logging-3.5.3.Final.jar:/Users/mayurikulkarni/.m2/repository/org/hibernate/common/hibernate-commons-annotations/6.0.6.Final/hibernate-commons-annotations-6.0.6.Final.jar:/Users/mayurikulkarni/.m2/repository/io/smallrye/jandex/3.0.5/jandex-3.0.5.jar:/Users/mayurikulkarni/.m2/repository/com/fasterxml/classmate/1.5.1/classmate-1.5.1.jar:/Users/mayurikulkarni/.m2/repository/net/bytebuddy/byte-buddy/1.14.11/byte-buddy-1.14.11.jar:/Users/mayurikulkarni/.m2/repository/org/glassfish/jaxb/jaxb-runtime/4.0.4/jaxb-runtime-4.0.4.jar:/Users/mayurikulkarni/.m2/repository/org/glassfish/jaxb/jaxb-core/4.0.4/jaxb-core-4.0.4.jar:/Users/mayurikulkarni/.m2/repository/org/eclipse/angus/angus-activation/2.0.1/angus-activation-2.0.1.jar:/Users/mayurikulkarni/.m2/repository/org/glassfish/jaxb/txw2/4.0.4/txw2-4.0.4.jar:/Users/mayurikulkarni/.m2/repository/com/sun/istack/istack-commons-runtime/4.1.2/istack-commons-runtime-4.1.2.jar:/Users/mayurikulkarni/.m2/repository/jakarta/inject/jakarta.inject-api/2.0.1/jakarta.inject-api-2.0.1.jar:/Users/mayurikulkarni/.m2/repository/org/antlr/antlr4-runtime/4.10.1/antlr4-runtime-4.10.1.jar:/Users/mayurikulkarni/.m2/repository/org/springframework/data/spring-data-jpa/3.1.8/spring-data-jpa-3.1.8.jar:/Users/mayurikulkarni/.m2/repository/org/springframework/data/spring-data-commons/3.1.8/spring-data-commons-3.1.8.jar:/Users/mayurikulkarni/.m2/repository/org/springframework/spring-orm/6.0.16/spring-orm-6.0.16.jar:/Users/mayurikulkarni/.m2/repository/org/springframework/spring-context/6.0.16/spring-context-6.0.16.jar:/Users/mayurikulkarni/.m2/repository/org/springframework/spring-tx/6.0.16/spring-tx-6.0.16.jar:/Users/mayurikulkarni/.m2/repository/org/springframework/spring-beans/6.0.16/spring-beans-6.0.16.jar:/Users/mayurikulkarni/.m2/repository/jakarta/annotation/jakarta.annotation-api/2.1.1/jakarta.annotation-api-2.1.1.jar:/Users/mayurikulkarni/.m2/repository/org/slf4j/slf4j-api/2.0.11/slf4j-api-2.0.11.jar:/Users/mayurikulkarni/.m2/repository/org/springframework/spring-aspects/6.0.16/spring-aspects-6.0.16.jar:/Users/mayurikulkarni/.m2/repository/org/springframework/boot/spring-boot-starter-web/3.1.8/spring-boot-starter-web-3.1.8.jar:/Users/mayurikulkarni/.m2/repository/org/springframework/boot/spring-boot-starter/3.1.8/spring-boot-starter-3.1.8.jar:/Users/mayurikulkarni/.m2/repository/org/springframework/boot/spring-boot/3.1.8/spring-boot-3.1.8.jar:/Users/mayurikulkarni/.m2/repository/org/springframework/boot/spring-boot-autoconfigure/3.1.8/spring-boot-autoconfigure-3.1.8.jar:/Users/mayurikulkarni/.m2/repository/org/springframework/boot/spring-boot-starter-logging/3.1.8/spring-boot-starter-logging-3.1.8.jar:/Users/mayurikulkarni/.m2/repository/ch/qos/logback/logback-classic/1.4.14/logback-classic-1.4.14.jar:/Users/mayurikulkarni/.m2/repository/ch/qos/logback/logback-core/1.4.14/logback-core-1.4.14.jar:/Users/mayurikulkarni/.m2/repository/org/apache/logging/log4j/log4j-to-slf4j/2.20.0/log4j-to-slf4j-2.20.0.jar:/Users/mayurikulkarni/.m2/repository/org/apache/logging/log4j/log4j-api/2.20.0/log4j-api-2.20.0.jar:/Users/mayurikulkarni/.m2/repository/org/slf4j/jul-to-slf4j/2.0.11/jul-to-slf4j-2.0.11.jar:/Users/mayurikulkarni/.m2/repository/org/yaml/snakeyaml/1.33/snakeyaml-1.33.jar:/Users/mayurikulkarni/.m2/repository/org/springframework/boot/spring-boot-starter-json/3.1.8/spring-boot-starter-json-3.1.8.jar:/Users/mayurikulkarni/.m2/repository/com/fasterxml/jackson/datatype/jackson-datatype-jdk8/2.15.3/jackson-datatype-jdk8-2.15.3.jar:/Users/mayurikulkarni/.m2/repository/com/fasterxml/jackson/datatype/jackson-datatype-jsr310/2.15.3/jackson-datatype-jsr310-2.15.3.jar:/Users/mayurikulkarni/.m2/repository/com/fasterxml/jackson/module/jackson-module-parameter-names/2.15.3/jackson-module-parameter-names-2.15.3.jar:/Users/mayurikulkarni/.m2/repository/org/springframework/boot/spring-boot-starter-tomcat/3.1.8/spring-boot-starter-tomcat-3.1.8.jar:/Users/mayurikulkarni/.m2/repository/org/apache/tomcat/embed/tomcat-embed-core/10.1.18/tomcat-embed-core-10.1.18.jar:/Users/mayurikulkarni/.m2/repository/org/apache/tomcat/embed/tomcat-embed-websocket/10.1.18/tomcat-embed-websocket-10.1.18.jar:/Users/mayurikulkarni/.m2/repository/org/springframework/spring-web/6.0.16/spring-web-6.0.16.jar:/Users/mayurikulkarni/.m2/repository/org/springframework/spring-webmvc/6.0.16/spring-webmvc-6.0.16.jar:/Users/mayurikulkarni/.m2/repository/org/springframework/spring-expression/6.0.16/spring-expression-6.0.16.jar:/Users/mayurikulkarni/.m2/repository/org/springframework/boot/spring-boot-starter-validation/3.1.8/spring-boot-starter-validation-3.1.8.jar:/Users/mayurikulkarni/.m2/repository/org/apache/tomcat/embed/tomcat-embed-el/10.1.18/tomcat-embed-el-10.1.18.jar:/Users/mayurikulkarni/.m2/repository/org/hibernate/validator/hibernate-validator/8.0.1.Final/hibernate-validator-8.0.1.Final.jar:/Users/mayurikulkarni/.m2/repository/jakarta/validation/jakarta.validation-api/3.0.2/jakarta.validation-api-3.0.2.jar:/Users/mayurikulkarni/.m2/repository/org/springframework/boot/spring-boot-starter-security/3.1.8/spring-boot-starter-security-3.1.8.jar:/Users/mayurikulkarni/.m2/repository/org/springframework/spring-aop/6.0.16/spring-aop-6.0.16.jar:/Users/mayurikulkarni/.m2/repository/org/springframework/security/spring-security-config/6.1.6/spring-security-config-6.1.6.jar:/Users/mayurikulkarni/.m2/repository/org/springframework/security/spring-security-core/6.1.6/spring-security-core-6.1.6.jar:/Users/mayurikulkarni/.m2/repository/org/springframework/security/spring-security-crypto/6.1.6/spring-security-crypto-6.1.6.jar:/Users/mayurikulkarni/.m2/repository/org/springframework/security/spring-security-web/6.1.6/spring-security-web-6.1.6.jar:/Users/mayurikulkarni/.m2/repository/org/springframework/boot/spring-boot-starter-test/3.1.8/spring-boot-starter-test-3.1.8.jar:/Users/mayurikulkarni/.m2/repository/org/springframework/boot/spring-boot-test/3.1.8/spring-boot-test-3.1.8.jar:/Users/mayurikulkarni/.m2/repository/org/springframework/boot/spring-boot-test-autoconfigure/3.1.8/spring-boot-test-autoconfigure-3.1.8.jar:/Users/mayurikulkarni/.m2/repository/com/jayway/jsonpath/json-path/2.8.0/json-path-2.8.0.jar:/Users/mayurikulkarni/.m2/repository/jakarta/xml/bind/jakarta.xml.bind-api/4.0.1/jakarta.xml.bind-api-4.0.1.jar:/Users/mayurikulkarni/.m2/repository/jakarta/activation/jakarta.activation-api/2.1.2/jakarta.activation-api-2.1.2.jar:/Users/mayurikulkarni/.m2/repository/net/minidev/json-smart/2.4.11/json-smart-2.4.11.jar:/Users/mayurikulkarni/.m2/repository/net/minidev/accessors-smart/2.4.11/accessors-smart-2.4.11.jar:/Users/mayurikulkarni/.m2/repository/org/ow2/asm/asm/9.3/asm-9.3.jar:/Users/mayurikulkarni/.m2/repository/org/assertj/assertj-core/3.24.2/assertj-core-3.24.2.jar:/Users/mayurikulkarni/.m2/repository/org/hamcrest/hamcrest/2.2/hamcrest-2.2.jar:/Users/mayurikulkarni/.m2/repository/org/junit/jupiter/junit-jupiter/5.9.3/junit-jupiter-5.9.3.jar:/Users/mayurikulkarni/.m2/repository/org/junit/jupiter/junit-jupiter-api/5.9.3/junit-jupiter-api-5.9.3.jar:/Users/mayurikulkarni/.m2/repository/org/opentest4j/opentest4j/1.2.0/opentest4j-1.2.0.jar:/Users/mayurikulkarni/.m2/repository/org/junit/platform/junit-platform-commons/1.9.3/junit-platform-commons-1.9.3.jar:/Users/mayurikulkarni/.m2/repository/org/apiguardian/apiguardian-api/1.1.2/apiguardian-api-1.1.2.jar:/Users/mayurikulkarni/.m2/repository/org/junit/jupiter/junit-jupiter-params/5.9.3/junit-jupiter-params-5.9.3.jar:/Users/mayurikulkarni/.m2/repository/org/junit/jupiter/junit-jupiter-engine/5.9.3/junit-jupiter-engine-5.9.3.jar:/Users/mayurikulkarni/.m2/repository/org/junit/platform/junit-platform-engine/1.9.3/junit-platform-engine-1.9.3.jar:/Users/mayurikulkarni/.m2/repository/org/mockito/mockito-core/5.3.1/mockito-core-5.3.1.jar:/Users/mayurikulkarni/.m2/repository/net/bytebuddy/byte-buddy-agent/1.14.11/byte-buddy-agent-1.14.11.jar:/Users/mayurikulkarni/.m2/repository/org/objenesis/objenesis/3.3/objenesis-3.3.jar:/Users/mayurikulkarni/.m2/repository/org/mockito/mockito-junit-jupiter/5.3.1/mockito-junit-jupiter-5.3.1.jar:/Users/mayurikulkarni/.m2/repository/org/skyscreamer/jsonassert/1.5.1/jsonassert-1.5.1.jar:/Users/mayurikulkarni/.m2/repository/com/vaadin/external/google/android-json/0.0.20131108.vaadin1/android-json-0.0.20131108.vaadin1.jar:/Users/mayurikulkarni/.m2/repository/org/springframework/spring-core/6.0.16/spring-core-6.0.16.jar:/Users/mayurikulkarni/.m2/repository/org/springframework/spring-jcl/6.0.16/spring-jcl-6.0.16.jar:/Users/mayurikulkarni/.m2/repository/org/springframework/spring-test/6.0.16/spring-test-6.0.16.jar:/Users/mayurikulkarni/.m2/repository/org/xmlunit/xmlunit-core/2.9.1/xmlunit-core-2.9.1.jar:/Users/mayurikulkarni/.m2/repository/org/projectlombok/lombok/1.18.30/lombok-1.18.30.jar:/Users/mayurikulkarni/.m2/repository/com/mysql/mysql-connector-j/8.0.33/mysql-connector-j-8.0.33.jar:/Users/mayurikulkarni/.m2/repository/org/springdoc/springdoc-openapi-starter-webmvc-ui/2.3.0/springdoc-openapi-starter-webmvc-ui-2.3.0.jar:/Users/mayurikulkarni/.m2/repository/org/springdoc/springdoc-openapi-starter-webmvc-api/2.3.0/springdoc-openapi-starter-webmvc-api-2.3.0.jar:/Users/mayurikulkarni/.m2/repository/org/springdoc/springdoc-openapi-starter-common/2.3.0/springdoc-openapi-starter-common-2.3.0.jar:/Users/mayurikulkarni/.m2/repository/io/swagger/core/v3/swagger-core-jakarta/2.2.19/swagger-core-jakarta-2.2.19.jar:/Users/mayurikulkarni/.m2/repository/org/apache/commons/commons-lang3/3.12.0/commons-lang3-3.12.0.jar:/Users/mayurikulkarni/.m2/repository/io/swagger/core/v3/swagger-annotations-jakarta/2.2.19/swagger-annotations-jakarta-2.2.19.jar:/Users/mayurikulkarni/.m2/repository/io/swagger/core/v3/swagger-models-jakarta/2.2.19/swagger-models-jakarta-2.2.19.jar:/Users/mayurikulkarni/.m2/repository/com/fasterxml/jackson/dataformat/jackson-dataformat-yaml/2.15.3/jackson-dataformat-yaml-2.15.3.jar:/Users/mayurikulkarni/.m2/repository/org/webjars/swagger-ui/5.10.3/swagger-ui-5.10.3.jar:/Users/mayurikulkarni/.m2/repository/com/fasterxml/jackson/dataformat/jackson-dataformat-xml/2.15.0/jackson-dataformat-xml-2.15.0.jar:/Users/mayurikulkarni/.m2/repository/com/fasterxml/jackson/core/jackson-core/2.15.3/jackson-core-2.15.3.jar:/Users/mayurikulkarni/.m2/repository/com/fasterxml/jackson/core/jackson-annotations/2.15.3/jackson-annotations-2.15.3.jar:/Users/mayurikulkarni/.m2/repository/com/fasterxml/jackson/core/jackson-databind/2.15.3/jackson-databind-2.15.3.jar:/Users/mayurikulkarni/.m2/repository/org/codehaus/woodstox/stax2-api/4.2.1/stax2-api-4.2.1.jar:/Users/mayurikulkarni/.m2/repository/com/fasterxml/woodstox/woodstox-core/6.5.1/woodstox-core-6.5.1.jar:/Users/mayurikulkarni/.m2/repository/org/springframework/boot/spring-boot-starter-actuator/3.1.8/spring-boot-starter-actuator-3.1.8.jar:/Users/mayurikulkarni/.m2/repository/org/springframework/boot/spring-boot-actuator-autoconfigure/3.1.8/spring-boot-actuator-autoconfigure-3.1.8.jar:/Users/mayurikulkarni/.m2/repository/org/springframework/boot/spring-boot-actuator/3.1.8/spring-boot-actuator-3.1.8.jar:/Users/mayurikulkarni/.m2/repository/io/micrometer/micrometer-observation/1.11.8/micrometer-observation-1.11.8.jar:/Users/mayurikulkarni/.m2/repository/io/micrometer/micrometer-commons/1.11.8/micrometer-commons-1.11.8.jar:/Users/mayurikulkarni/.m2/repository/io/micrometer/micrometer-core/1.11.8/micrometer-core-1.11.8.jar:/Users/mayurikulkarni/.m2/repository/org/hdrhistogram/HdrHistogram/2.1.12/HdrHistogram-2.1.12.jar:/Users/mayurikulkarni/.m2/repository/org/latencyutils/LatencyUtils/2.0.3/LatencyUtils-2.0.3.jar:"/>
    <property name="sun.cpu.endian" value="little"/>
    <property name="user.home" value="/Users/mayurikulkarni"/>
    <property name="user.language" value="en"/>
    <property name="java.specification.vendor" value="Oracle Corporation"/>
    <property name="java.version.date" value="2024-01-16"/>
    <property name="java.home" value="/Library/Java/JavaVirtualMachines/jdk-17.jdk/Contents/Home"/>
    <property name="file.separator" value="/"/>
    <property name="style.color" value="always"/>
    <property name="basedir" value="/Users/mayurikulkarni/synergisticit-code/DevOps-Started-6-August-2024/assessment-9-26-24/userscrud"/>
    <property name="java.vm.compressedOopsMode" value="Zero based"/>
    <property name="line.separator" value="&#10;"/>
    <property name="java.vm.specification.vendor" value="Oracle Corporation"/>
    <property name="java.specification.name" value="Java Platform API Specification"/>
    <property name="FILE_LOG_CHARSET" value="UTF-8"/>
    <property name="java.awt.headless" value="true"/>
    <property name="surefire.real.class.path" value="/Users/mayurikulkarni/synergisticit-code/DevOps-Started-6-August-2024/assessment-9-26-24/userscrud/target/surefire/surefirebooter-20240926131506698_3.jar"/>
    <property name="sun.management.compiler" value="HotSpot 64-Bit Tiered Compilers"/>
    <property name="ftp.nonProxyHosts" value="local|*.local|169.254/16|*.169.254/16"/>
    <property name="java.runtime.version" value="17.0.10+11-LTS-240"/>
    <property name="user.name" value="mayurikulkarni"/>
    <property name="path.separator" value=":"/>
    <property name="os.version" value="14.5"/>
    <property name="java.runtime.name" value="Java(TM) SE Runtime Environment"/>
    <property name="file.encoding" value="UTF-8"/>
    <property name="java.vm.name" value="Java HotSpot(TM) 64-Bit Server VM"/>
    <property name="localRepository" value="/Users/mayurikulkarni/.m2/repository"/>
    <property name="java.vendor.url.bug" value="https://bugreport.java.com/bugreport/"/>
    <property name="java.io.tmpdir" value="/var/folders/2x/v42f6r_93r77rz8xwnpjkt2h0000gr/T/"/>
    <property name="com.zaxxer.hikari.pool_number" value="1"/>
    <property name="java.version" value="17.0.10"/>
    <property name="user.dir" value="/Users/mayurikulkarni/synergisticit-code/DevOps-Started-6-August-2024/assessment-9-26-24/userscrud"/>
    <property name="os.arch" value="x86_64"/>
    <property name="java.vm.specification.name" value="Java Virtual Machine Specification"/>
    <property name="PID" value="45286"/>
    <property name="CONSOLE_LOG_CHARSET" value="UTF-8"/>
    <property name="native.encoding" value="UTF-8"/>
    <property name="java.library.path" value="/Users/mayurikulkarni/Library/Java/Extensions:/Library/Java/Extensions:/Network/Library/Java/Extensions:/System/Library/Java/Extensions:/usr/lib/java:."/>
    <property name="java.vm.info" value="mixed mode, sharing"/>
    <property name="java.vendor" value="Oracle Corporation"/>
    <property name="java.vm.version" value="17.0.10+11-LTS-240"/>
    <property name="sun.io.unicode.encoding" value="UnicodeBig"/>
    <property name="socksNonProxyHosts" value="local|*.local|169.254/16|*.169.254/16"/>
    <property name="java.class.version" value="61.0"/>
  </properties>
  <testcase name="contextLoads" classname="com.example.userscrud.UserscrudApplicationTests" time="0.542">
    <system-out><![CDATA[13:15:07.304 [main] INFO org.springframework.test.context.support.AnnotationConfigContextLoaderUtils -- Could not detect default configuration classes for test class [com.example.userscrud.UserscrudApplicationTests]: UserscrudApplicationTests does not declare any static, non-private, non-final, nested classes annotated with @Configuration.
13:15:07.399 [main] INFO org.springframework.boot.test.context.SpringBootTestContextBootstrapper -- Found @SpringBootConfiguration com.example.UserscrudApplication for test class com.example.userscrud.UserscrudApplicationTests

  .   ____          _            __ _ _
 /\\ / ___'_ __ _ _(_)_ __  __ _ \ \ \ \
( ( )\___ | '_ | '_| | '_ \/ _` | \ \ \ \
 \\/  ___)| |_)| | | | | || (_| |  ) ) ) )
  '  |____| .__|_| |_|_| |_\__, | / / / /
 =========|_|==============|___/=/_/_/_/
 :: Spring Boot ::                (v3.1.8)

2024-09-26T13:15:07.751-07:00  INFO 45286 --- [           main] c.e.userscrud.UserscrudApplicationTests  : Starting UserscrudApplicationTests using Java 17.0.10 with PID 45286 (started by mayurikulkarni in /Users/mayurikulkarni/synergisticit-code/DevOps-Started-6-August-2024/assessment-9-26-24/userscrud)
2024-09-26T13:15:07.753-07:00  INFO 45286 --- [           main] c.e.userscrud.UserscrudApplicationTests  : No active profile set, falling back to 1 default profile: "default"
2024-09-26T13:15:08.808-07:00  INFO 45286 --- [           main] .s.d.r.c.RepositoryConfigurationDelegate : Bootstrapping Spring Data JPA repositories in DEFAULT mode.
2024-09-26T13:15:08.883-07:00  INFO 45286 --- [           main] .s.d.r.c.RepositoryConfigurationDelegate : Finished Spring Data repository scanning in 59 ms. Found 2 JPA repository interfaces.
2024-09-26T13:15:09.460-07:00  INFO 45286 --- [           main] o.hibernate.jpa.internal.util.LogHelper  : HHH000204: Processing PersistenceUnitInfo [name: default]
2024-09-26T13:15:09.517-07:00  INFO 45286 --- [           main] org.hibernate.Version                    : HHH000412: Hibernate ORM core version 6.2.20.Final
2024-09-26T13:15:09.520-07:00  INFO 45286 --- [           main] org.hibernate.cfg.Environment            : HHH000406: Using bytecode reflection optimizer
2024-09-26T13:15:09.805-07:00  INFO 45286 --- [           main] o.s.o.j.p.SpringPersistenceUnitInfo      : No LoadTimeWeaver setup: ignoring JPA class transformer
2024-09-26T13:15:09.829-07:00  INFO 45286 --- [           main] com.zaxxer.hikari.HikariDataSource       : HikariPool-1 - Starting...
2024-09-26T13:15:10.549-07:00  INFO 45286 --- [           main] com.zaxxer.hikari.pool.HikariPool        : HikariPool-1 - Added connection com.mysql.cj.jdbc.ConnectionImpl@6dbbdf92
2024-09-26T13:15:10.551-07:00  INFO 45286 --- [           main] com.zaxxer.hikari.HikariDataSource       : HikariPool-1 - Start completed.
2024-09-26T13:15:11.472-07:00  INFO 45286 --- [           main] o.h.e.t.j.p.i.JtaPlatformInitiator       : HHH000489: No JTA platform available (set 'hibernate.transaction.jta.platform' to enable JTA platform integration)
2024-09-26T13:15:11.698-07:00  INFO 45286 --- [           main] j.LocalContainerEntityManagerFactoryBean : Initialized JPA EntityManagerFactory for persistence unit 'default'
2024-09-26T13:15:11.942-07:00  INFO 45286 --- [           main] o.s.d.j.r.query.QueryEnhancerFactory     : Hibernate is in classpath; If applicable, HQL parser will be used.
2024-09-26T13:15:12.129-07:00  WARN 45286 --- [           main] JpaBaseConfiguration$JpaWebConfiguration : spring.jpa.open-in-view is enabled by default. Therefore, database queries may be performed during view rendering. Explicitly configure spring.jpa.open-in-view to disable this warning
2024-09-26T13:15:12.327-07:00  INFO 45286 --- [           main] o.s.s.web.DefaultSecurityFilterChain     : Will secure any request with [org.springframework.security.web.session.DisableEncodeUrlFilter@40477d52, org.springframework.security.web.context.request.async.WebAsyncManagerIntegrationFilter@2a1be9f8, org.springframework.security.web.context.SecurityContextHolderFilter@757ad227, org.springframework.security.web.header.HeaderWriterFilter@5b9ca528, org.springframework.security.web.authentication.logout.LogoutFilter@62129f97, org.springframework.security.web.authentication.www.BasicAuthenticationFilter@59e67a18, org.springframework.security.web.savedrequest.RequestCacheAwareFilter@25639668, org.springframework.security.web.servletapi.SecurityContextHolderAwareRequestFilter@71eead09, org.springframework.security.web.authentication.AnonymousAuthenticationFilter@59b43e35, org.springframework.security.web.access.ExceptionTranslationFilter@2ccb8db3, org.springframework.security.web.access.intercept.AuthorizationFilter@60c33609]
2024-09-26T13:15:13.085-07:00  INFO 45286 --- [           main] o.s.b.a.e.web.EndpointLinksResolver      : Exposing 13 endpoint(s) beneath base path '/actuator'
2024-09-26T13:15:13.184-07:00  INFO 45286 --- [           main] c.e.userscrud.UserscrudApplicationTests  : Started UserscrudApplicationTests in 5.673 seconds (process running for 6.417)
]]></system-out>
  </testcase>
</testsuite>